<?xml version="1.0" encoding="UTF-8"?>
<!-- Generated by org.testng.reporters.JUnitReportReporter -->
<testsuite hostname="salimsouidi" failures="0" tests="1" name="sauceTest.LoginPageTest" time="1.790" errors="0" timestamp="2024-06-09T02:13:21 GMT+01:00" skipped="0">
  <testcase classname="sauceTest.LoginPageTest" name="loginTest" time="1.790"/>
</testsuite> <!-- sauceTest.LoginPageTest -->
